# JRE version: Java(TM) SE Runtime Environment (8.0_20-b26) (build 1.8.0_20-b26)
# Java VM: Java HotSpot(TM) 64-Bit Server VM (25.20-b23 mixed mode bsd-amd64 compressed oops)
Heap:
 PSYoungGen      total 31232K, used 11633K [0x000000076ab00000, 0x000000076ca80000, 0x00000007c0000000)
  eden space 30208K, 37% used [0x000000076ab00000,0x000000076b5f8528,0x000000076c880000)
  from space 1024K, 39% used [0x000000076c980000,0x000000076c9e4050,0x000000076ca80000)
  to   space 1024K, 0% used [0x000000076c880000,0x000000076c880000,0x000000076c980000)
 ParOldGen       total 175104K, used 129592K [0x00000006c0000000, 0x00000006cab00000, 0x000000076ab00000)
  object space 175104K, 74% used [0x00000006c0000000,0x00000006c7e8e3d0,0x00000006cab00000)
 Metaspace       used 16065K, capacity 16538K, committed 16768K, reserved 1064960K
  class space    used 2050K, capacity 2154K, committed 2176K, reserved 1048576K
GC Heap History (10 events):
Event: 655.223 GC heap before
{Heap before GC invocations=550 (full 0):
 PSYoungGen      total 31232K, used 30752K [0x000000076ab00000, 0x000000076ca80000, 0x00000007c0000000)
  eden space 30208K, 100% used [0x000000076ab00000,0x000000076c880000,0x000000076c880000)
  from space 1024K, 53% used [0x000000076c880000,0x000000076c9080c0,0x000000076c980000)
  to   space 1024K, 0% used [0x000000076c980000,0x000000076c980000,0x000000076ca80000)
 ParOldGen       total 175104K, used 128632K [0x00000006c0000000, 0x00000006cab00000, 0x000000076ab00000)
  object space 175104K, 73% used [0x00000006c0000000,0x00000006c7d9e1d0,0x00000006cab00000)
 Metaspace       used 16025K, capacity 16444K, committed 16512K, reserved 1062912K
  class space    used 2046K, capacity 2147K, committed 2176K, reserved 1048576K
Event: 655.225 GC heap after
Heap after GC invocations=550 (full 0):
 PSYoungGen      total 31232K, used 400K [0x000000076ab00000, 0x000000076ca80000, 0x00000007c0000000)
  eden space 30208K, 0% used [0x000000076ab00000,0x000000076ab00000,0x000000076c880000)
  from space 1024K, 39% used [0x000000076c980000,0x000000076c9e4050,0x000000076ca80000)
  to   space 1024K, 0% used [0x000000076c880000,0x000000076c880000,0x000000076c980000)
 ParOldGen       total 175104K, used 128856K [0x00000006c0000000, 0x00000006cab00000, 0x000000076ab00000)
  object space 175104K, 73% used [0x00000006c0000000,0x00000006c7dd6250,0x00000006cab00000)
 Metaspace       used 16025K, capacity 16444K, committed 16512K, reserved 1062912K
  class space    used 2046K, capacity 2147K, committed 2176K, reserved 1048576K
}
Event: 656.338 GC heap before
{Heap before GC invocations=551 (full 0):
 PSYoungGen      total 31232K, used 30608K [0x000000076ab00000, 0x000000076ca80000, 0x00000007c0000000)
  eden space 30208K, 100% used [0x000000076ab00000,0x000000076c880000,0x000000076c880000)
  from space 1024K, 39% used [0x000000076c980000,0x000000076c9e4050,0x000000076ca80000)
  to   space 1024K, 0% used [0x000000076c880000,0x000000076c880000,0x000000076c980000)
 ParOldGen       total 175104K, used 128856K [0x00000006c0000000, 0x00000006cab00000, 0x000000076ab00000)
  object space 175104K, 73% used [0x00000006c0000000,0x00000006c7dd6250,0x00000006cab00000)
 Metaspace       used 16025K, capacity 16444K, committed 16512K, reserved 1062912K
  class space    used 2046K, capacity 2147K, committed 2176K, reserved 1048576K
Event: 656.340 GC heap after
Heap after GC invocations=551 (full 0):
 PSYoungGen      total 31232K, used 448K [0x000000076ab00000, 0x000000076ca80000, 0x00000007c0000000)
  eden space 30208K, 0% used [0x000000076ab00000,0x000000076ab00000,0x000000076c880000)
  from space 1024K, 43% used [0x000000076c880000,0x000000076c8f0060,0x000000076c980000)
  to   space 1024K, 0% used [0x000000076c980000,0x000000076c980000,0x000000076ca80000)
 ParOldGen       total 175104K, used 128936K [0x00000006c0000000, 0x00000006cab00000, 0x000000076ab00000)
  object space 175104K, 73% used [0x00000006c0000000,0x00000006c7dea250,0x00000006cab00000)
 Metaspace       used 16025K, capacity 16444K, committed 16512K, reserved 1062912K
  class space    used 2046K, capacity 2147K, committed 2176K, reserved 1048576K
}
Event: 657.451 GC heap before
{Heap before GC invocations=552 (full 0):
 PSYoungGen      total 31232K, used 30656K [0x000000076ab00000, 0x000000076ca80000, 0x00000007c0000000)
  eden space 30208K, 100% used [0x000000076ab00000,0x000000076c880000,0x000000076c880000)
  from space 1024K, 43% used [0x000000076c880000,0x000000076c8f0060,0x000000076c980000)
  to   space 1024K, 0% used [0x000000076c980000,0x000000076c980000,0x000000076ca80000)
 ParOldGen       total 175104K, used 128936K [0x00000006c0000000, 0x00000006cab00000, 0x000000076ab00000)
  object space 175104K, 73% used [0x00000006c0000000,0x00000006c7dea250,0x00000006cab00000)
 Metaspace       used 16025K, capacity 16444K, committed 16512K, reserved 1062912K
  class space    used 2046K, capacity 2147K, committed 2176K, reserved 1048576K
Event: 657.453 GC heap after
Heap after GC invocations=552 (full 0):
 PSYoungGen      total 31232K, used 512K [0x000000076ab00000, 0x000000076ca80000, 0x00000007c0000000)
  eden space 30208K, 0% used [0x000000076ab00000,0x000000076ab00000,0x000000076c880000)
  from space 1024K, 50% used [0x000000076c980000,0x000000076ca00080,0x000000076ca80000)
  to   space 1024K, 0% used [0x000000076c880000,0x000000076c880000,0x000000076c980000)
 ParOldGen       total 175104K, used 129152K [0x00000006c0000000, 0x00000006cab00000, 0x000000076ab00000)
  object space 175104K, 73% used [0x00000006c0000000,0x00000006c7e202d0,0x00000006cab00000)
 Metaspace       used 16025K, capacity 16444K, committed 16512K, reserved 1062912K
  class space    used 2046K, capacity 2147K, committed 2176K, reserved 1048576K
}
Event: 658.539 GC heap before
{Heap before GC invocations=553 (full 0):
 PSYoungGen      total 31232K, used 30720K [0x000000076ab00000, 0x000000076ca80000, 0x00000007c0000000)
  eden space 30208K, 100% used [0x000000076ab00000,0x000000076c880000,0x000000076c880000)
  from space 1024K, 50% used [0x000000076c980000,0x000000076ca00080,0x000000076ca80000)
  to   space 1024K, 0% used [0x000000076c880000,0x000000076c880000,0x000000076c980000)
 ParOldGen       total 175104K, used 129152K [0x00000006c0000000, 0x00000006cab00000, 0x000000076ab00000)
  object space 175104K, 73% used [0x00000006c0000000,0x00000006c7e202d0,0x00000006cab00000)
 Metaspace       used 16025K, capacity 16444K, committed 16512K, reserved 1062912K
  class space    used 2046K, capacity 2147K, committed 2176K, reserved 1048576K
Event: 658.541 GC heap after
Heap after GC invocations=553 (full 0):
 PSYoungGen      total 31232K, used 592K [0x000000076ab00000, 0x000000076ca80000, 0x00000007c0000000)
  eden space 30208K, 0% used [0x000000076ab00000,0x000000076ab00000,0x000000076c880000)
  from space 1024K, 57% used [0x000000076c880000,0x000000076c9140b0,0x000000076c980000)
  to   space 1024K, 0% used [0x000000076c980000,0x000000076c980000,0x000000076ca80000)
 ParOldGen       total 175104K, used 129376K [0x00000006c0000000, 0x00000006cab00000, 0x000000076ab00000)
  object space 175104K, 73% used [0x00000006c0000000,0x00000006c7e58350,0x00000006cab00000)
 Metaspace       used 16025K, capacity 16444K, committed 16512K, reserved 1062912K
  class space    used 2046K, capacity 2147K, committed 2176K, reserved 1048576K
}
Event: 659.658 GC heap before
{Heap before GC invocations=554 (full 0):
 PSYoungGen      total 31232K, used 30800K [0x000000076ab00000, 0x000000076ca80000, 0x00000007c0000000)
  eden space 30208K, 100% used [0x000000076ab00000,0x000000076c880000,0x000000076c880000)
  from space 1024K, 57% used [0x000000076c880000,0x000000076c9140b0,0x000000076c980000)
  to   space 1024K, 0% used [0x000000076c980000,0x000000076c980000,0x000000076ca80000)
 ParOldGen       total 175104K, used 129376K [0x00000006c0000000, 0x00000006cab00000, 0x000000076ab00000)
  object space 175104K, 73% used [0x00000006c0000000,0x00000006c7e58350,0x00000006cab00000)
 Metaspace       used 16037K, capacity 16444K, committed 16512K, reserved 1062912K
  class space    used 2046K, capacity 2147K, committed 2176K, reserved 1048576K
Event: 659.660 GC heap after
Heap after GC invocations=554 (full 0):
 PSYoungGen      total 31232K, used 400K [0x000000076ab00000, 0x000000076ca80000, 0x00000007c0000000)
  eden space 30208K, 0% used [0x000000076ab00000,0x000000076ab00000,0x000000076c880000)
  from space 1024K, 39% used [0x000000076c980000,0x000000076c9e4050,0x000000076ca80000)
  to   space 1024K, 0% used [0x000000076c880000,0x000000076c880000,0x000000076c980000)
 ParOldGen       total 175104K, used 129592K [0x00000006c0000000, 0x00000006cab00000, 0x000000076ab00000)
  object space 175104K, 74% used [0x00000006c0000000,0x00000006c7e8e3d0,0x00000006cab00000)
 Metaspace       used 16037K, capacity 16444K, committed 16512K, reserved 1062912K
  class space    used 2046K, capacity 2147K, committed 2176K, reserved 1048576K
}

